[26-Jan-2024 12:22:03 UTC] PHP Fatal error:  Uncaught Error: Class "CustomLogoEndpoint" not found in C:\xampp\htdocs\arijitnandi\wp-content\plugins\an-custom-plugin\an-custom-plugin.php:13
Stack trace:
#0 C:\xampp\htdocs\arijitnandi\wp-admin\includes\plugin.php(2318): include_once()
#1 C:\xampp\htdocs\arijitnandi\wp-admin\includes\plugin.php(663): plugin_sandbox_scrape('an-custom-plugi...')
#2 C:\xampp\htdocs\arijitnandi\wp-admin\includes\plugin.php(869): activate_plugin('an-custom-plugi...', 'http://localhos...', false, false)
#3 C:\xampp\htdocs\arijitnandi\wp-admin\plugins.php(124): activate_plugins(Array, 'http://localhos...', false)
#4 {main}
  thrown in C:\xampp\htdocs\arijitnandi\wp-content\plugins\an-custom-plugin\an-custom-plugin.php on line 13
[26-Jan-2024 12:22:43 UTC] PHP Fatal error:  Uncaught Error: Class "CustomLogoEndpoint" not found in C:\xampp\htdocs\arijitnandi\wp-content\plugins\an-custom-plugin\an-custom-plugin.php:13
Stack trace:
#0 C:\xampp\htdocs\arijitnandi\wp-admin\includes\plugin.php(2318): include_once()
#1 C:\xampp\htdocs\arijitnandi\wp-admin\includes\plugin.php(663): plugin_sandbox_scrape('an-custom-plugi...')
#2 C:\xampp\htdocs\arijitnandi\wp-admin\includes\plugin.php(869): activate_plugin('an-custom-plugi...', 'http://localhos...', false, false)
#3 C:\xampp\htdocs\arijitnandi\wp-admin\plugins.php(124): activate_plugins(Array, 'http://localhos...', false)
#4 {main}
  thrown in C:\xampp\htdocs\arijitnandi\wp-content\plugins\an-custom-plugin\an-custom-plugin.php on line 13
[27-Jan-2024 09:37:13 UTC] PHP Fatal error:  Uncaught Error: Call to undefined function csl_CustomSiteLogo_show_logo() in C:\xampp\htdocs\arijitnandi\wp-content\plugins\an-custom-plugin\logoandimages\CustomLogo.php:17
Stack trace:
#0 C:\xampp\htdocs\arijitnandi\wp-includes\rest-api\class-wp-rest-server.php(1193): CustomLogo->get_logo(Object(WP_REST_Request))
#1 C:\xampp\htdocs\arijitnandi\wp-includes\rest-api\class-wp-rest-server.php(1041): WP_REST_Server->respond_to_request(Object(WP_REST_Request), '/v1/sitelogo', Array, NULL)
#2 C:\xampp\htdocs\arijitnandi\wp-includes\rest-api\class-wp-rest-server.php(431): WP_REST_Server->dispatch(Object(WP_REST_Request))
#3 C:\xampp\htdocs\arijitnandi\wp-includes\rest-api.php(424): WP_REST_Server->serve_request('/v1/sitelogo')
#4 C:\xampp\htdocs\arijitnandi\wp-includes\class-wp-hook.php(324): rest_api_loaded(Object(WP))
#5 C:\xampp\htdocs\arijitnandi\wp-includes\class-wp-hook.php(348): WP_Hook->apply_filters('', Array)
#6 C:\xampp\htdocs\arijitnandi\wp-includes\plugin.php(565): WP_Hook->do_action(Array)
#7 C:\xampp\htdocs\arijitnandi\wp-includes\class-wp.php(418): do_action_ref_array('parse_request', Array)
#8 C:\xampp\htdocs\arijitnandi\wp-includes\class-wp.php(813): WP->parse_request('')
#9 C:\xampp\htdocs\arijitnandi\wp-includes\functions.php(1336): WP->main('')
#10 C:\xampp\htdocs\arijitnandi\wp-blog-header.php(16): wp()
#11 C:\xampp\htdocs\arijitnandi\index.php(17): require('C:\\xampp\\htdocs...')
#12 {main}
  thrown in C:\xampp\htdocs\arijitnandi\wp-content\plugins\an-custom-plugin\logoandimages\CustomLogo.php on line 17
[27-Jan-2024 10:25:56 UTC] PHP Parse error:  syntax error, unexpected identifier "extend", expecting "{" in C:\xampp\htdocs\arijitnandi\wp-content\plugins\an-custom-plugin\includes\images\custom-images.php on line 12
[27-Jan-2024 10:34:58 UTC] PHP Parse error:  syntax error, unexpected token "public" in C:\xampp\htdocs\arijitnandi\wp-content\plugins\an-custom-plugin\includes\images\custom-images.php on line 44
[27-Jan-2024 10:34:58 UTC] PHP Notice:  Function is_embed was called incorrectly. Conditional query tags do not work before the query is run. Before then, they always return false. Please see <a>Debugging in WordPress</a> for more information. (This message was added in version 3.1.0.) in C:\xampp\htdocs\arijitnandi\wp-includes\functions.php on line 6031
[27-Jan-2024 10:34:58 UTC] PHP Notice:  Function is_search was called incorrectly. Conditional query tags do not work before the query is run. Before then, they always return false. Please see <a>Debugging in WordPress</a> for more information. (This message was added in version 3.1.0.) in C:\xampp\htdocs\arijitnandi\wp-includes\functions.php on line 6031
[27-Jan-2024 10:37:12 UTC] PHP Fatal error:  Uncaught Error: Class "CustomLogoEndpoint" not found in C:\xampp\htdocs\arijitnandi\wp-content\plugins\an-custom-plugin\an-custom-plugin.php:39
Stack trace:
#0 C:\xampp\htdocs\arijitnandi\wp-includes\class-wp-hook.php(324): an_endpoints_register(Object(WP_REST_Server))
#1 C:\xampp\htdocs\arijitnandi\wp-includes\class-wp-hook.php(348): WP_Hook->apply_filters(NULL, Array)
#2 C:\xampp\htdocs\arijitnandi\wp-includes\plugin.php(517): WP_Hook->do_action(Array)
#3 C:\xampp\htdocs\arijitnandi\wp-includes\rest-api.php(593): do_action('rest_api_init', Object(WP_REST_Server))
#4 C:\xampp\htdocs\arijitnandi\wp-includes\rest-api.php(417): rest_get_server()
#5 C:\xampp\htdocs\arijitnandi\wp-includes\class-wp-hook.php(324): rest_api_loaded(Object(WP))
#6 C:\xampp\htdocs\arijitnandi\wp-includes\class-wp-hook.php(348): WP_Hook->apply_filters('', Array)
#7 C:\xampp\htdocs\arijitnandi\wp-includes\plugin.php(565): WP_Hook->do_action(Array)
#8 C:\xampp\htdocs\arijitnandi\wp-includes\class-wp.php(418): do_action_ref_array('parse_request', Array)
#9 C:\xampp\htdocs\arijitnandi\wp-includes\class-wp.php(813): WP->parse_request('')
#10 C:\xampp\htdocs\arijitnandi\wp-includes\functions.php(1336): WP->main('')
#11 C:\xampp\htdocs\arijitnandi\wp-blog-header.php(16): wp()
#12 C:\xampp\htdocs\arijitnandi\index.php(17): require('C:\\xampp\\htdocs...')
#13 {main}
  thrown in C:\xampp\htdocs\arijitnandi\wp-content\plugins\an-custom-plugin\an-custom-plugin.php on line 39
[27-Jan-2024 10:37:40 UTC] PHP Fatal error:  Uncaught Error: Class "CustomLogoEndpoint" not found in C:\xampp\htdocs\arijitnandi\wp-content\plugins\an-custom-plugin\an-custom-plugin.php:39
Stack trace:
#0 C:\xampp\htdocs\arijitnandi\wp-includes\class-wp-hook.php(324): an_endpoints_register(Object(WP_REST_Server))
#1 C:\xampp\htdocs\arijitnandi\wp-includes\class-wp-hook.php(348): WP_Hook->apply_filters(NULL, Array)
#2 C:\xampp\htdocs\arijitnandi\wp-includes\plugin.php(517): WP_Hook->do_action(Array)
#3 C:\xampp\htdocs\arijitnandi\wp-includes\rest-api.php(593): do_action('rest_api_init', Object(WP_REST_Server))
#4 C:\xampp\htdocs\arijitnandi\wp-includes\rest-api.php(417): rest_get_server()
#5 C:\xampp\htdocs\arijitnandi\wp-includes\class-wp-hook.php(324): rest_api_loaded(Object(WP))
#6 C:\xampp\htdocs\arijitnandi\wp-includes\class-wp-hook.php(348): WP_Hook->apply_filters('', Array)
#7 C:\xampp\htdocs\arijitnandi\wp-includes\plugin.php(565): WP_Hook->do_action(Array)
#8 C:\xampp\htdocs\arijitnandi\wp-includes\class-wp.php(418): do_action_ref_array('parse_request', Array)
#9 C:\xampp\htdocs\arijitnandi\wp-includes\class-wp.php(813): WP->parse_request('')
#10 C:\xampp\htdocs\arijitnandi\wp-includes\functions.php(1336): WP->main('')
#11 C:\xampp\htdocs\arijitnandi\wp-blog-header.php(16): wp()
#12 C:\xampp\htdocs\arijitnandi\index.php(17): require('C:\\xampp\\htdocs...')
#13 {main}
  thrown in C:\xampp\htdocs\arijitnandi\wp-content\plugins\an-custom-plugin\an-custom-plugin.php on line 39
[27-Jan-2024 10:41:34 UTC] PHP Fatal error:  Uncaught Error: Class "CustomLogoEndpoint" not found in C:\xampp\htdocs\arijitnandi\wp-content\plugins\an-custom-plugin\an-custom-plugin.php:39
Stack trace:
#0 C:\xampp\htdocs\arijitnandi\wp-includes\class-wp-hook.php(324): an_endpoints_register(Object(WP_REST_Server))
#1 C:\xampp\htdocs\arijitnandi\wp-includes\class-wp-hook.php(348): WP_Hook->apply_filters(NULL, Array)
#2 C:\xampp\htdocs\arijitnandi\wp-includes\plugin.php(517): WP_Hook->do_action(Array)
#3 C:\xampp\htdocs\arijitnandi\wp-includes\rest-api.php(593): do_action('rest_api_init', Object(WP_REST_Server))
#4 C:\xampp\htdocs\arijitnandi\wp-includes\rest-api.php(417): rest_get_server()
#5 C:\xampp\htdocs\arijitnandi\wp-includes\class-wp-hook.php(324): rest_api_loaded(Object(WP))
#6 C:\xampp\htdocs\arijitnandi\wp-includes\class-wp-hook.php(348): WP_Hook->apply_filters('', Array)
#7 C:\xampp\htdocs\arijitnandi\wp-includes\plugin.php(565): WP_Hook->do_action(Array)
#8 C:\xampp\htdocs\arijitnandi\wp-includes\class-wp.php(418): do_action_ref_array('parse_request', Array)
#9 C:\xampp\htdocs\arijitnandi\wp-includes\class-wp.php(813): WP->parse_request('')
#10 C:\xampp\htdocs\arijitnandi\wp-includes\functions.php(1336): WP->main('')
#11 C:\xampp\htdocs\arijitnandi\wp-blog-header.php(16): wp()
#12 C:\xampp\htdocs\arijitnandi\index.php(17): require('C:\\xampp\\htdocs...')
#13 {main}
  thrown in C:\xampp\htdocs\arijitnandi\wp-content\plugins\an-custom-plugin\an-custom-plugin.php on line 39
[27-Jan-2024 10:58:11 UTC] PHP Warning:  Undefined variable $logo_url in C:\xampp\htdocs\arijitnandi\wp-content\plugins\an-custom-plugin\includes\images\custom-images.php on line 68
[27-Jan-2024 11:10:06 UTC] PHP Warning:  Undefined variable $logo_url in C:\xampp\htdocs\arijitnandi\wp-content\plugins\an-custom-plugin\includes\images\custom-images.php on line 74
[27-Jan-2024 11:15:20 UTC] PHP Warning:  Trying to access array offset on value of type bool in C:\xampp\htdocs\arijitnandi\wp-content\plugins\an-custom-plugin\includes\images\custom-images.php on line 57
[27-Jan-2024 11:17:21 UTC] PHP Warning:  Trying to access array offset on value of type bool in C:\xampp\htdocs\arijitnandi\wp-content\plugins\an-custom-plugin\includes\images\custom-images.php on line 57
[27-Jan-2024 11:17:29 UTC] PHP Warning:  Attempt to read property "title" on null in C:\xampp\htdocs\arijitnandi\wp-includes\class-wp-customize-widgets.php on line 905
[27-Jan-2024 11:18:00 UTC] PHP Warning:  Trying to access array offset on value of type bool in C:\xampp\htdocs\arijitnandi\wp-content\plugins\an-custom-plugin\includes\images\custom-images.php on line 57
